<?xml version="1.0" encoding="UTF-8"?>
<!-- Generated by org.testng.reporters.JUnitXMLReporter -->
<testsuite hostname="192.168.0.104" ignored="1" name="Default test" tests="2" failures="0" timestamp="2021-05-12T09:57:32 IST" time="33.413" errors="0">
  <testcase name="Create_Deposit_Account_Pages_Tests" time="13.395" classname="Test_Pages.TestNg_Priority"/>
  <testcase name="Make_Deposit_To_Accounts_Pages_Tests" time="19.973" classname="Test_Pages.TestNg_Priority"/>
  <testcase name="Regestartion_Page_Tests" time="0.0" classname="Test_Pages.TestNg_Priority">
    <ignored/>
  </testcase> <!-- Regestartion_Page_Tests -->
</testsuite> <!-- Default test -->
