<?xml version="1.0" encoding="UTF-8"?>
<!-- Generated by org.testng.reporters.JUnitXMLReporter -->
<testsuite hostname="192.168.0.103" ignored="0" name="Default test" tests="5" failures="0" timestamp="2021-05-15T17:23:39 IST" time="19.689" errors="0">
  <testcase name="Login_Page_Tests" time="2.293" classname="DDT.Login_Test_Scenarios"/>
  <testcase name="Login_Page_Tests" time="0.419" classname="DDT.Login_Test_Scenarios"/>
  <testcase name="Login_Page_Tests" time="0.356" classname="DDT.Login_Test_Scenarios"/>
  <testcase name="Login_Page_Tests" time="0.345" classname="DDT.Login_Test_Scenarios"/>
  <testcase name="Login_Page_Tests" time="0.335" classname="DDT.Login_Test_Scenarios"/>
</testsuite> <!-- Default test -->
