<?xml version="1.0" encoding="UTF-8"?>
<!-- Generated by org.testng.reporters.JUnitXMLReporter -->
<testsuite hostname="192.168.0.104" ignored="1" name="Smoke Test" tests="2" failures="0" timestamp="2021-05-12T09:52:29 IST" time="33.204" errors="0">
  <testcase name="Create_Deposit_Account_Pages_Tests" time="13.332" classname="Test_Pages.TestNg_Priority"/>
  <testcase name="Make_Deposit_To_Accounts_Pages_Tests" time="19.83" classname="Test_Pages.TestNg_Priority"/>
  <testcase name="Regestartion_Page_Tests" time="0.0" classname="Test_Pages.TestNg_Priority">
    <ignored/>
  </testcase> <!-- Regestartion_Page_Tests -->
</testsuite> <!-- Smoke Test -->
